2018-01-28 23:30:23.560  INFO 7868 --- [main] com.khwebgame.KhwebgameApplication       : Starting KhwebgameApplication on MSDN-SPECIAL with PID 7868 (C:\Users\Administrator\Desktop\Gitlab\khwebgame\target\classes started by Administrator in C:\Users\Administrator\Desktop\Gitlab\khwebgame)
2018-01-28 23:30:23.565  INFO 7868 --- [main] com.khwebgame.KhwebgameApplication       : No active profile set, falling back to default profiles: default
2018-01-28 23:30:23.955  INFO 7868 --- [main] ationConfigEmbeddedWebApplicationContext : Refreshing org.springframework.boot.context.embedded.AnnotationConfigEmbeddedWebApplicationContext@1bc39f8: startup date [Sun Jan 28 23:30:23 KST 2018]; root of context hierarchy
2018-01-28 23:30:24.533  WARN 7868 --- [main] o.m.s.mapper.ClassPathMapperScanner      : No MyBatis mapper was found in '[org.mybatis.spring.sample.mapper]' package. Please check your configuration.
2018-01-28 23:30:25.659  INFO 7868 --- [main] s.b.c.e.t.TomcatEmbeddedServletContainer : Tomcat initialized with port(s): 9208 (http)
2018-01-28 23:30:25.673  INFO 7868 --- [main] o.apache.catalina.core.StandardService   : Starting service [Tomcat]
2018-01-28 23:30:25.675  INFO 7868 --- [main] org.apache.catalina.core.StandardEngine  : Starting Servlet Engine: Apache Tomcat/8.5.23
2018-01-28 23:30:25.791  INFO 7868 --- [localhost-startStop-1] o.a.c.c.C.[Tomcat].[localhost].[/]       : Initializing Spring embedded WebApplicationContext
2018-01-28 23:30:25.792  INFO 7868 --- [localhost-startStop-1] o.s.web.context.ContextLoader            : Root WebApplicationContext: initialization completed in 1840 ms
2018-01-28 23:30:26.342  INFO 7868 --- [localhost-startStop-1] o.s.b.w.servlet.ServletRegistrationBean  : Mapping servlet: 'dispatcherServlet' to [/]
2018-01-28 23:30:26.348  INFO 7868 --- [localhost-startStop-1] o.s.b.w.servlet.FilterRegistrationBean   : Mapping filter: 'characterEncodingFilter' to: [/*]
2018-01-28 23:30:26.349  INFO 7868 --- [localhost-startStop-1] o.s.b.w.servlet.FilterRegistrationBean   : Mapping filter: 'springSessionRepositoryFilter' to: [/*]
2018-01-28 23:30:26.350  INFO 7868 --- [localhost-startStop-1] o.s.b.w.servlet.FilterRegistrationBean   : Mapping filter: 'hiddenHttpMethodFilter' to: [/*]
2018-01-28 23:30:26.351  INFO 7868 --- [localhost-startStop-1] o.s.b.w.servlet.FilterRegistrationBean   : Mapping filter: 'httpPutFormContentFilter' to: [/*]
2018-01-28 23:30:26.351  INFO 7868 --- [localhost-startStop-1] o.s.b.w.servlet.FilterRegistrationBean   : Mapping filter: 'requestContextFilter' to: [/*]
2018-01-28 23:30:26.921  INFO 7868 --- [main] s.w.s.m.m.a.RequestMappingHandlerAdapter : Looking for @ControllerAdvice: org.springframework.boot.context.embedded.AnnotationConfigEmbeddedWebApplicationContext@1bc39f8: startup date [Sun Jan 28 23:30:23 KST 2018]; root of context hierarchy
2018-01-28 23:30:27.024  INFO 7868 --- [main] s.w.s.m.m.a.RequestMappingHandlerMapping : Mapped "{[/user/lobby],methods=[GET || POST]}" onto public java.lang.String com.khwebgame.core.controller.UserCtrl.test(javax.servlet.http.HttpSession,org.springframework.ui.Model)
2018-01-28 23:30:27.026  INFO 7868 --- [main] s.w.s.m.m.a.RequestMappingHandlerMapping : Mapped "{[/user/login_page],methods=[GET || POST]}" onto public java.lang.String com.khwebgame.core.controller.UserCtrl.loginPage()
2018-01-28 23:30:27.026  INFO 7868 --- [main] s.w.s.m.m.a.RequestMappingHandlerMapping : Mapped "{[/user/login],methods=[GET || POST]}" onto public java.lang.String com.khwebgame.core.controller.UserCtrl.login(javax.servlet.http.HttpSession,org.springframework.ui.Model,java.lang.String,java.lang.String)
2018-01-28 23:30:27.027  INFO 7868 --- [main] s.w.s.m.m.a.RequestMappingHandlerMapping : Mapped "{[/menu],methods=[GET]}" onto public java.lang.String com.khwebgame.MainController.menu(org.springframework.ui.Model)
2018-01-28 23:30:27.029  INFO 7868 --- [main] s.w.s.m.m.a.RequestMappingHandlerMapping : Mapped "{[/],methods=[GET]}" onto public java.lang.String com.khwebgame.MainController.home(org.springframework.ui.Model)
2018-01-28 23:30:27.030  INFO 7868 --- [main] s.w.s.m.m.a.RequestMappingHandlerMapping : Mapped "{[/lobbyroom],methods=[GET]}" onto public java.lang.String com.khwebgame.MainController.lobbyroom(org.springframework.ui.Model)
2018-01-28 23:30:27.030  INFO 7868 --- [main] s.w.s.m.m.a.RequestMappingHandlerMapping : Mapped "{[/game],methods=[GET]}" onto public java.lang.String com.khwebgame.MainController.game(org.springframework.ui.Model)
2018-01-28 23:30:27.034  INFO 7868 --- [main] s.w.s.m.m.a.RequestMappingHandlerMapping : Mapped "{[/error]}" onto public org.springframework.http.ResponseEntity<java.util.Map<java.lang.String, java.lang.Object>> org.springframework.boot.autoconfigure.web.BasicErrorController.error(javax.servlet.http.HttpServletRequest)
2018-01-28 23:30:27.036  INFO 7868 --- [main] s.w.s.m.m.a.RequestMappingHandlerMapping : Mapped "{[/error],produces=[text/html]}" onto public org.springframework.web.servlet.ModelAndView org.springframework.boot.autoconfigure.web.BasicErrorController.errorHtml(javax.servlet.http.HttpServletRequest,javax.servlet.http.HttpServletResponse)
2018-01-28 23:30:27.086  INFO 7868 --- [main] o.s.w.s.handler.SimpleUrlHandlerMapping  : Mapped URL path [/webjars/**] onto handler of type [class org.springframework.web.servlet.resource.ResourceHttpRequestHandler]
2018-01-28 23:30:27.086  INFO 7868 --- [main] o.s.w.s.handler.SimpleUrlHandlerMapping  : Mapped URL path [/**] onto handler of type [class org.springframework.web.servlet.resource.ResourceHttpRequestHandler]
2018-01-28 23:30:27.166  INFO 7868 --- [main] o.s.w.s.handler.SimpleUrlHandlerMapping  : Mapped URL path [/**/favicon.ico] onto handler of type [class org.springframework.web.servlet.resource.ResourceHttpRequestHandler]
2018-01-28 23:30:27.874  INFO 7868 --- [main] o.s.j.e.a.AnnotationMBeanExporter        : Registering beans for JMX exposure on startup
2018-01-28 23:30:27.890  INFO 7868 --- [main] s.a.ScheduledAnnotationBeanPostProcessor : No TaskScheduler/ScheduledExecutorService bean found for scheduled processing
2018-01-28 23:30:27.959  INFO 7868 --- [main] s.b.c.e.t.TomcatEmbeddedServletContainer : Tomcat started on port(s): 9208 (http)
2018-01-28 23:30:27.970  INFO 7868 --- [main] com.khwebgame.KhwebgameApplication       : Started KhwebgameApplication in 4.779 seconds (JVM running for 6.346)
2018-01-28 23:31:31.463  INFO 8900 --- [main] com.khwebgame.KhwebgameApplication       : Starting KhwebgameApplication on MSDN-SPECIAL with PID 8900 (C:\Users\Administrator\Desktop\Gitlab\khwebgame\target\classes started by Administrator in C:\Users\Administrator\Desktop\Gitlab\khwebgame)
2018-01-28 23:31:31.467  INFO 8900 --- [main] com.khwebgame.KhwebgameApplication       : No active profile set, falling back to default profiles: default
2018-01-28 23:31:31.827  INFO 8900 --- [main] ationConfigEmbeddedWebApplicationContext : Refreshing org.springframework.boot.context.embedded.AnnotationConfigEmbeddedWebApplicationContext@1bc39f8: startup date [Sun Jan 28 23:31:31 KST 2018]; root of context hierarchy
2018-01-28 23:31:32.477  WARN 8900 --- [main] o.m.s.mapper.ClassPathMapperScanner      : No MyBatis mapper was found in '[org.mybatis.spring.sample.mapper]' package. Please check your configuration.
2018-01-28 23:31:33.669  INFO 8900 --- [main] s.b.c.e.t.TomcatEmbeddedServletContainer : Tomcat initialized with port(s): 9208 (http)
2018-01-28 23:31:33.678  INFO 8900 --- [main] o.apache.catalina.core.StandardService   : Starting service [Tomcat]
2018-01-28 23:31:33.679  INFO 8900 --- [main] org.apache.catalina.core.StandardEngine  : Starting Servlet Engine: Apache Tomcat/8.5.23
2018-01-28 23:31:33.831  INFO 8900 --- [localhost-startStop-1] o.a.c.c.C.[Tomcat].[localhost].[/]       : Initializing Spring embedded WebApplicationContext
2018-01-28 23:31:33.831  INFO 8900 --- [localhost-startStop-1] o.s.web.context.ContextLoader            : Root WebApplicationContext: initialization completed in 2007 ms
2018-01-28 23:31:34.359  INFO 8900 --- [localhost-startStop-1] o.s.b.w.servlet.ServletRegistrationBean  : Mapping servlet: 'dispatcherServlet' to [/]
2018-01-28 23:31:34.364  INFO 8900 --- [localhost-startStop-1] o.s.b.w.servlet.FilterRegistrationBean   : Mapping filter: 'characterEncodingFilter' to: [/*]
2018-01-28 23:31:34.365  INFO 8900 --- [localhost-startStop-1] o.s.b.w.servlet.FilterRegistrationBean   : Mapping filter: 'springSessionRepositoryFilter' to: [/*]
2018-01-28 23:31:34.365  INFO 8900 --- [localhost-startStop-1] o.s.b.w.servlet.FilterRegistrationBean   : Mapping filter: 'hiddenHttpMethodFilter' to: [/*]
2018-01-28 23:31:34.366  INFO 8900 --- [localhost-startStop-1] o.s.b.w.servlet.FilterRegistrationBean   : Mapping filter: 'httpPutFormContentFilter' to: [/*]
2018-01-28 23:31:34.366  INFO 8900 --- [localhost-startStop-1] o.s.b.w.servlet.FilterRegistrationBean   : Mapping filter: 'requestContextFilter' to: [/*]
2018-01-28 23:31:34.995  INFO 8900 --- [main] s.w.s.m.m.a.RequestMappingHandlerAdapter : Looking for @ControllerAdvice: org.springframework.boot.context.embedded.AnnotationConfigEmbeddedWebApplicationContext@1bc39f8: startup date [Sun Jan 28 23:31:31 KST 2018]; root of context hierarchy
2018-01-28 23:31:35.078  INFO 8900 --- [main] s.w.s.m.m.a.RequestMappingHandlerMapping : Mapped "{[/user/lobby],methods=[GET || POST]}" onto public java.lang.String com.khwebgame.core.controller.UserCtrl.test(javax.servlet.http.HttpSession,org.springframework.ui.Model)
2018-01-28 23:31:35.079  INFO 8900 --- [main] s.w.s.m.m.a.RequestMappingHandlerMapping : Mapped "{[/user/login_page],methods=[GET || POST]}" onto public java.lang.String com.khwebgame.core.controller.UserCtrl.loginPage()
2018-01-28 23:31:35.079  INFO 8900 --- [main] s.w.s.m.m.a.RequestMappingHandlerMapping : Mapped "{[/user/login],methods=[GET || POST]}" onto public java.lang.String com.khwebgame.core.controller.UserCtrl.login(javax.servlet.http.HttpSession,org.springframework.ui.Model,java.lang.String,java.lang.String)
2018-01-28 23:31:35.080  INFO 8900 --- [main] s.w.s.m.m.a.RequestMappingHandlerMapping : Mapped "{[/menu],methods=[GET]}" onto public java.lang.String com.khwebgame.MainController.menu(org.springframework.ui.Model)
2018-01-28 23:31:35.081  INFO 8900 --- [main] s.w.s.m.m.a.RequestMappingHandlerMapping : Mapped "{[/],methods=[GET]}" onto public java.lang.String com.khwebgame.MainController.home(org.springframework.ui.Model)
2018-01-28 23:31:35.081  INFO 8900 --- [main] s.w.s.m.m.a.RequestMappingHandlerMapping : Mapped "{[/lobbyroom],methods=[GET]}" onto public java.lang.String com.khwebgame.MainController.lobbyroom(org.springframework.ui.Model)
2018-01-28 23:31:35.082  INFO 8900 --- [main] s.w.s.m.m.a.RequestMappingHandlerMapping : Mapped "{[/game],methods=[GET]}" onto public java.lang.String com.khwebgame.MainController.game(org.springframework.ui.Model)
2018-01-28 23:31:35.095  INFO 8900 --- [main] s.w.s.m.m.a.RequestMappingHandlerMapping : Mapped "{[/error]}" onto public org.springframework.http.ResponseEntity<java.util.Map<java.lang.String, java.lang.Object>> org.springframework.boot.autoconfigure.web.BasicErrorController.error(javax.servlet.http.HttpServletRequest)
2018-01-28 23:31:35.096  INFO 8900 --- [main] s.w.s.m.m.a.RequestMappingHandlerMapping : Mapped "{[/error],produces=[text/html]}" onto public org.springframework.web.servlet.ModelAndView org.springframework.boot.autoconfigure.web.BasicErrorController.errorHtml(javax.servlet.http.HttpServletRequest,javax.servlet.http.HttpServletResponse)
2018-01-28 23:31:35.136  INFO 8900 --- [main] o.s.w.s.handler.SimpleUrlHandlerMapping  : Mapped URL path [/webjars/**] onto handler of type [class org.springframework.web.servlet.resource.ResourceHttpRequestHandler]
2018-01-28 23:31:35.136  INFO 8900 --- [main] o.s.w.s.handler.SimpleUrlHandlerMapping  : Mapped URL path [/**] onto handler of type [class org.springframework.web.servlet.resource.ResourceHttpRequestHandler]
2018-01-28 23:31:35.171  INFO 8900 --- [main] o.s.w.s.handler.SimpleUrlHandlerMapping  : Mapped URL path [/**/favicon.ico] onto handler of type [class org.springframework.web.servlet.resource.ResourceHttpRequestHandler]
2018-01-28 23:31:35.633  INFO 8900 --- [main] o.s.j.e.a.AnnotationMBeanExporter        : Registering beans for JMX exposure on startup
2018-01-28 23:31:35.645  INFO 8900 --- [main] s.a.ScheduledAnnotationBeanPostProcessor : No TaskScheduler/ScheduledExecutorService bean found for scheduled processing
2018-01-28 23:31:35.688  INFO 8900 --- [main] s.b.c.e.t.TomcatEmbeddedServletContainer : Tomcat started on port(s): 9208 (http)
2018-01-28 23:31:35.692  INFO 8900 --- [main] com.khwebgame.KhwebgameApplication       : Started KhwebgameApplication in 4.625 seconds (JVM running for 5.424)
2018-01-28 23:31:35.800  INFO 8900 --- [http-nio-9208-exec-1] o.a.c.c.C.[Tomcat].[localhost].[/]       : Initializing Spring FrameworkServlet 'dispatcherServlet'
2018-01-28 23:31:35.800  INFO 8900 --- [http-nio-9208-exec-1] o.s.web.servlet.DispatcherServlet        : FrameworkServlet 'dispatcherServlet': initialization started
2018-01-28 23:31:35.819  INFO 8900 --- [http-nio-9208-exec-1] o.s.web.servlet.DispatcherServlet        : FrameworkServlet 'dispatcherServlet': initialization completed in 18 ms
2018-01-28 23:32:03.143  INFO 8900 --- [pool-1-thread-1] o.s.b.f.xml.XmlBeanDefinitionReader      : Loading XML bean definitions from class path resource [org/springframework/jdbc/support/sql-error-codes.xml]
2018-01-28 23:32:03.178  INFO 8900 --- [pool-1-thread-1] o.s.jdbc.support.SQLErrorCodesFactory    : SQLErrorCodes loaded: [DB2, Derby, H2, HSQL, Informix, MS-SQL, MySQL, Oracle, PostgreSQL, Sybase, Hana]
2018-01-28 23:32:03.249 ERROR 8900 --- [pool-1-thread-1] o.s.s.s.TaskUtils$LoggingErrorHandler    : Unexpected error occurred in scheduled task.

org.springframework.jdbc.BadSqlGrammarException: PreparedStatementCallback; bad SQL grammar [DELETE FROM SPRING_SESSION WHERE MAX_INACTIVE_INTERVAL < (? - LAST_ACCESS_TIME) / 1000]; nested exception is com.mysql.jdbc.exceptions.jdbc4.MySQLSyntaxErrorException: Table 'khwebgame.SPRING_SESSION' doesn't exist
	at org.springframework.jdbc.support.SQLErrorCodeSQLExceptionTranslator.doTranslate(SQLErrorCodeSQLExceptionTranslator.java:231) ~[spring-jdbc-4.3.13.RELEASE.jar:4.3.13.RELEASE]
	at org.springframework.jdbc.support.AbstractFallbackSQLExceptionTranslator.translate(AbstractFallbackSQLExceptionTranslator.java:73) ~[spring-jdbc-4.3.13.RELEASE.jar:4.3.13.RELEASE]
	at org.springframework.jdbc.core.JdbcTemplate.execute(JdbcTemplate.java:655) ~[spring-jdbc-4.3.13.RELEASE.jar:4.3.13.RELEASE]
	at org.springframework.jdbc.core.JdbcTemplate.update(JdbcTemplate.java:876) ~[spring-jdbc-4.3.13.RELEASE.jar:4.3.13.RELEASE]
	at org.springframework.jdbc.core.JdbcTemplate.update(JdbcTemplate.java:937) ~[spring-jdbc-4.3.13.RELEASE.jar:4.3.13.RELEASE]
	at org.springframework.jdbc.core.JdbcTemplate.update(JdbcTemplate.java:947) ~[spring-jdbc-4.3.13.RELEASE.jar:4.3.13.RELEASE]
	at org.springframework.session.jdbc.JdbcOperationsSessionRepository$6.doInTransaction(JdbcOperationsSessionRepository.java:569) ~[spring-session-1.3.1.RELEASE.jar:na]
	at org.springframework.session.jdbc.JdbcOperationsSessionRepository$6.doInTransaction(JdbcOperationsSessionRepository.java:566) ~[spring-session-1.3.1.RELEASE.jar:na]
	at org.springframework.transaction.support.TransactionTemplate.execute(TransactionTemplate.java:133) ~[spring-tx-4.3.13.RELEASE.jar:4.3.13.RELEASE]
	at org.springframework.session.jdbc.JdbcOperationsSessionRepository.cleanUpExpiredSessions(JdbcOperationsSessionRepository.java:566) ~[spring-session-1.3.1.RELEASE.jar:na]
	at sun.reflect.NativeMethodAccessorImpl.invoke0(Native Method) ~[na:1.8.0_144]
	at sun.reflect.NativeMethodAccessorImpl.invoke(NativeMethodAccessorImpl.java:62) ~[na:1.8.0_144]
	at sun.reflect.DelegatingMethodAccessorImpl.invoke(DelegatingMethodAccessorImpl.java:43) ~[na:1.8.0_144]
	at java.lang.reflect.Method.invoke(Method.java:498) ~[na:1.8.0_144]
	at org.springframework.scheduling.support.ScheduledMethodRunnable.run(ScheduledMethodRunnable.java:65) ~[spring-context-4.3.13.RELEASE.jar:4.3.13.RELEASE]
	at org.springframework.scheduling.support.DelegatingErrorHandlingRunnable.run(DelegatingErrorHandlingRunnable.java:54) ~[spring-context-4.3.13.RELEASE.jar:4.3.13.RELEASE]
	at org.springframework.scheduling.concurrent.ReschedulingRunnable.run(ReschedulingRunnable.java:81) [spring-context-4.3.13.RELEASE.jar:4.3.13.RELEASE]
	at java.util.concurrent.Executors$RunnableAdapter.call(Executors.java:511) [na:1.8.0_144]
	at java.util.concurrent.FutureTask.run(FutureTask.java:266) [na:1.8.0_144]
	at java.util.concurrent.ScheduledThreadPoolExecutor$ScheduledFutureTask.access$201(ScheduledThreadPoolExecutor.java:180) [na:1.8.0_144]
	at java.util.concurrent.ScheduledThreadPoolExecutor$ScheduledFutureTask.run(ScheduledThreadPoolExecutor.java:293) [na:1.8.0_144]
	at java.util.concurrent.ThreadPoolExecutor.runWorker(ThreadPoolExecutor.java:1149) [na:1.8.0_144]
	at java.util.concurrent.ThreadPoolExecutor$Worker.run(ThreadPoolExecutor.java:624) [na:1.8.0_144]
	at java.lang.Thread.run(Thread.java:748) [na:1.8.0_144]
Caused by: com.mysql.jdbc.exceptions.jdbc4.MySQLSyntaxErrorException: Table 'khwebgame.SPRING_SESSION' doesn't exist
	at sun.reflect.NativeConstructorAccessorImpl.newInstance0(Native Method) ~[na:1.8.0_144]
	at sun.reflect.NativeConstructorAccessorImpl.newInstance(NativeConstructorAccessorImpl.java:62) ~[na:1.8.0_144]
	at sun.reflect.DelegatingConstructorAccessorImpl.newInstance(DelegatingConstructorAccessorImpl.java:45) ~[na:1.8.0_144]
	at java.lang.reflect.Constructor.newInstance(Constructor.java:423) ~[na:1.8.0_144]
	at com.mysql.jdbc.Util.handleNewInstance(Util.java:406) ~[mysql-connector-java-5.1.6.jar:na]
	at com.mysql.jdbc.Util.getInstance(Util.java:381) ~[mysql-connector-java-5.1.6.jar:na]
	at com.mysql.jdbc.SQLError.createSQLException(SQLError.java:1030) ~[mysql-connector-java-5.1.6.jar:na]
	at com.mysql.jdbc.SQLError.createSQLException(SQLError.java:956) ~[mysql-connector-java-5.1.6.jar:na]
	at com.mysql.jdbc.MysqlIO.checkErrorPacket(MysqlIO.java:3491) ~[mysql-connector-java-5.1.6.jar:na]
	at com.mysql.jdbc.MysqlIO.checkErrorPacket(MysqlIO.java:3423) ~[mysql-connector-java-5.1.6.jar:na]
	at com.mysql.jdbc.MysqlIO.sendCommand(MysqlIO.java:1936) ~[mysql-connector-java-5.1.6.jar:na]
	at com.mysql.jdbc.MysqlIO.sqlQueryDirect(MysqlIO.java:2060) ~[mysql-connector-java-5.1.6.jar:na]
	at com.mysql.jdbc.ConnectionImpl.execSQL(ConnectionImpl.java:2542) ~[mysql-connector-java-5.1.6.jar:na]
	at com.mysql.jdbc.PreparedStatement.executeInternal(PreparedStatement.java:1734) ~[mysql-connector-java-5.1.6.jar:na]
	at com.mysql.jdbc.PreparedStatement.executeUpdate(PreparedStatement.java:2019) ~[mysql-connector-java-5.1.6.jar:na]
	at com.mysql.jdbc.PreparedStatement.executeUpdate(PreparedStatement.java:1937) ~[mysql-connector-java-5.1.6.jar:na]
	at com.mysql.jdbc.PreparedStatement.executeUpdate(PreparedStatement.java:1922) ~[mysql-connector-java-5.1.6.jar:na]
	at sun.reflect.NativeMethodAccessorImpl.invoke0(Native Method) ~[na:1.8.0_144]
	at sun.reflect.NativeMethodAccessorImpl.invoke(NativeMethodAccessorImpl.java:62) ~[na:1.8.0_144]
	at sun.reflect.DelegatingMethodAccessorImpl.invoke(DelegatingMethodAccessorImpl.java:43) ~[na:1.8.0_144]
	at java.lang.reflect.Method.invoke(Method.java:498) ~[na:1.8.0_144]
	at org.apache.tomcat.jdbc.pool.StatementFacade$StatementProxy.invoke(StatementFacade.java:114) ~[tomcat-jdbc-8.5.23.jar:na]
	at com.sun.proxy.$Proxy77.executeUpdate(Unknown Source) ~[na:na]
	at org.springframework.jdbc.core.JdbcTemplate$2.doInPreparedStatement(JdbcTemplate.java:883) ~[spring-jdbc-4.3.13.RELEASE.jar:4.3.13.RELEASE]
	at org.springframework.jdbc.core.JdbcTemplate$2.doInPreparedStatement(JdbcTemplate.java:876) ~[spring-jdbc-4.3.13.RELEASE.jar:4.3.13.RELEASE]
	at org.springframework.jdbc.core.JdbcTemplate.execute(JdbcTemplate.java:639) ~[spring-jdbc-4.3.13.RELEASE.jar:4.3.13.RELEASE]
	... 21 common frames omitted

2018-01-28 23:33:00.133 ERROR 8900 --- [pool-1-thread-1] o.s.s.s.TaskUtils$LoggingErrorHandler    : Unexpected error occurred in scheduled task.

org.springframework.jdbc.BadSqlGrammarException: PreparedStatementCallback; bad SQL grammar [DELETE FROM SPRING_SESSION WHERE MAX_INACTIVE_INTERVAL < (? - LAST_ACCESS_TIME) / 1000]; nested exception is com.mysql.jdbc.exceptions.jdbc4.MySQLSyntaxErrorException: Table 'khwebgame.SPRING_SESSION' doesn't exist
	at org.springframework.jdbc.support.SQLErrorCodeSQLExceptionTranslator.doTranslate(SQLErrorCodeSQLExceptionTranslator.java:231) ~[spring-jdbc-4.3.13.RELEASE.jar:4.3.13.RELEASE]
	at org.springframework.jdbc.support.AbstractFallbackSQLExceptionTranslator.translate(AbstractFallbackSQLExceptionTranslator.java:73) ~[spring-jdbc-4.3.13.RELEASE.jar:4.3.13.RELEASE]
	at org.springframework.jdbc.core.JdbcTemplate.execute(JdbcTemplate.java:655) ~[spring-jdbc-4.3.13.RELEASE.jar:4.3.13.RELEASE]
	at org.springframework.jdbc.core.JdbcTemplate.update(JdbcTemplate.java:876) ~[spring-jdbc-4.3.13.RELEASE.jar:4.3.13.RELEASE]
	at org.springframework.jdbc.core.JdbcTemplate.update(JdbcTemplate.java:937) ~[spring-jdbc-4.3.13.RELEASE.jar:4.3.13.RELEASE]
	at org.springframework.jdbc.core.JdbcTemplate.update(JdbcTemplate.java:947) ~[spring-jdbc-4.3.13.RELEASE.jar:4.3.13.RELEASE]
	at org.springframework.session.jdbc.JdbcOperationsSessionRepository$6.doInTransaction(JdbcOperationsSessionRepository.java:569) ~[spring-session-1.3.1.RELEASE.jar:na]
	at org.springframework.session.jdbc.JdbcOperationsSessionRepository$6.doInTransaction(JdbcOperationsSessionRepository.java:566) ~[spring-session-1.3.1.RELEASE.jar:na]
	at org.springframework.transaction.support.TransactionTemplate.execute(TransactionTemplate.java:133) ~[spring-tx-4.3.13.RELEASE.jar:4.3.13.RELEASE]
	at org.springframework.session.jdbc.JdbcOperationsSessionRepository.cleanUpExpiredSessions(JdbcOperationsSessionRepository.java:566) ~[spring-session-1.3.1.RELEASE.jar:na]
	at sun.reflect.NativeMethodAccessorImpl.invoke0(Native Method) ~[na:1.8.0_144]
	at sun.reflect.NativeMethodAccessorImpl.invoke(NativeMethodAccessorImpl.java:62) ~[na:1.8.0_144]
	at sun.reflect.DelegatingMethodAccessorImpl.invoke(DelegatingMethodAccessorImpl.java:43) ~[na:1.8.0_144]
	at java.lang.reflect.Method.invoke(Method.java:498) ~[na:1.8.0_144]
	at org.springframework.scheduling.support.ScheduledMethodRunnable.run(ScheduledMethodRunnable.java:65) ~[spring-context-4.3.13.RELEASE.jar:4.3.13.RELEASE]
	at org.springframework.scheduling.support.DelegatingErrorHandlingRunnable.run(DelegatingErrorHandlingRunnable.java:54) ~[spring-context-4.3.13.RELEASE.jar:4.3.13.RELEASE]
	at org.springframework.scheduling.concurrent.ReschedulingRunnable.run(ReschedulingRunnable.java:81) [spring-context-4.3.13.RELEASE.jar:4.3.13.RELEASE]
	at java.util.concurrent.Executors$RunnableAdapter.call(Executors.java:511) [na:1.8.0_144]
	at java.util.concurrent.FutureTask.run(FutureTask.java:266) [na:1.8.0_144]
	at java.util.concurrent.ScheduledThreadPoolExecutor$ScheduledFutureTask.access$201(ScheduledThreadPoolExecutor.java:180) [na:1.8.0_144]
	at java.util.concurrent.ScheduledThreadPoolExecutor$ScheduledFutureTask.run(ScheduledThreadPoolExecutor.java:293) [na:1.8.0_144]
	at java.util.concurrent.ThreadPoolExecutor.runWorker(ThreadPoolExecutor.java:1149) [na:1.8.0_144]
	at java.util.concurrent.ThreadPoolExecutor$Worker.run(ThreadPoolExecutor.java:624) [na:1.8.0_144]
	at java.lang.Thread.run(Thread.java:748) [na:1.8.0_144]
Caused by: com.mysql.jdbc.exceptions.jdbc4.MySQLSyntaxErrorException: Table 'khwebgame.SPRING_SESSION' doesn't exist
	at sun.reflect.NativeConstructorAccessorImpl.newInstance0(Native Method) ~[na:1.8.0_144]
	at sun.reflect.NativeConstructorAccessorImpl.newInstance(NativeConstructorAccessorImpl.java:62) ~[na:1.8.0_144]
	at sun.reflect.DelegatingConstructorAccessorImpl.newInstance(DelegatingConstructorAccessorImpl.java:45) ~[na:1.8.0_144]
	at java.lang.reflect.Constructor.newInstance(Constructor.java:423) ~[na:1.8.0_144]
	at com.mysql.jdbc.Util.handleNewInstance(Util.java:406) ~[mysql-connector-java-5.1.6.jar:na]
	at com.mysql.jdbc.Util.getInstance(Util.java:381) ~[mysql-connector-java-5.1.6.jar:na]
	at com.mysql.jdbc.SQLError.createSQLException(SQLError.java:1030) ~[mysql-connector-java-5.1.6.jar:na]
	at com.mysql.jdbc.SQLError.createSQLException(SQLError.java:956) ~[mysql-connector-java-5.1.6.jar:na]
	at com.mysql.jdbc.MysqlIO.checkErrorPacket(MysqlIO.java:3491) ~[mysql-connector-java-5.1.6.jar:na]
	at com.mysql.jdbc.MysqlIO.checkErrorPacket(MysqlIO.java:3423) ~[mysql-connector-java-5.1.6.jar:na]
	at com.mysql.jdbc.MysqlIO.sendCommand(MysqlIO.java:1936) ~[mysql-connector-java-5.1.6.jar:na]
	at com.mysql.jdbc.MysqlIO.sqlQueryDirect(MysqlIO.java:2060) ~[mysql-connector-java-5.1.6.jar:na]
	at com.mysql.jdbc.ConnectionImpl.execSQL(ConnectionImpl.java:2542) ~[mysql-connector-java-5.1.6.jar:na]
	at com.mysql.jdbc.PreparedStatement.executeInternal(PreparedStatement.java:1734) ~[mysql-connector-java-5.1.6.jar:na]
	at com.mysql.jdbc.PreparedStatement.executeUpdate(PreparedStatement.java:2019) ~[mysql-connector-java-5.1.6.jar:na]
	at com.mysql.jdbc.PreparedStatement.executeUpdate(PreparedStatement.java:1937) ~[mysql-connector-java-5.1.6.jar:na]
	at com.mysql.jdbc.PreparedStatement.executeUpdate(PreparedStatement.java:1922) ~[mysql-connector-java-5.1.6.jar:na]
	at sun.reflect.NativeMethodAccessorImpl.invoke0(Native Method) ~[na:1.8.0_144]
	at sun.reflect.NativeMethodAccessorImpl.invoke(NativeMethodAccessorImpl.java:62) ~[na:1.8.0_144]
	at sun.reflect.DelegatingMethodAccessorImpl.invoke(DelegatingMethodAccessorImpl.java:43) ~[na:1.8.0_144]
	at java.lang.reflect.Method.invoke(Method.java:498) ~[na:1.8.0_144]
	at org.apache.tomcat.jdbc.pool.StatementFacade$StatementProxy.invoke(StatementFacade.java:114) ~[tomcat-jdbc-8.5.23.jar:na]
	at com.sun.proxy.$Proxy77.executeUpdate(Unknown Source) ~[na:na]
	at org.springframework.jdbc.core.JdbcTemplate$2.doInPreparedStatement(JdbcTemplate.java:883) ~[spring-jdbc-4.3.13.RELEASE.jar:4.3.13.RELEASE]
	at org.springframework.jdbc.core.JdbcTemplate$2.doInPreparedStatement(JdbcTemplate.java:876) ~[spring-jdbc-4.3.13.RELEASE.jar:4.3.13.RELEASE]
	at org.springframework.jdbc.core.JdbcTemplate.execute(JdbcTemplate.java:639) ~[spring-jdbc-4.3.13.RELEASE.jar:4.3.13.RELEASE]
	... 21 common frames omitted

2018-01-28 23:33:22.559  INFO 9668 --- [main] com.khwebgame.KhwebgameApplication       : Starting KhwebgameApplication on MSDN-SPECIAL with PID 9668 (C:\Users\Administrator\Desktop\Gitlab\khwebgame\target\classes started by Administrator in C:\Users\Administrator\Desktop\Gitlab\khwebgame)
2018-01-28 23:33:22.565  INFO 9668 --- [main] com.khwebgame.KhwebgameApplication       : No active profile set, falling back to default profiles: default
2018-01-28 23:33:22.889  INFO 9668 --- [main] ationConfigEmbeddedWebApplicationContext : Refreshing org.springframework.boot.context.embedded.AnnotationConfigEmbeddedWebApplicationContext@1bc39f8: startup date [Sun Jan 28 23:33:22 KST 2018]; root of context hierarchy
2018-01-28 23:33:23.476  WARN 9668 --- [main] o.m.s.mapper.ClassPathMapperScanner      : No MyBatis mapper was found in '[org.mybatis.spring.sample.mapper]' package. Please check your configuration.
2018-01-28 23:33:24.397  INFO 9668 --- [main] s.b.c.e.t.TomcatEmbeddedServletContainer : Tomcat initialized with port(s): 9208 (http)
2018-01-28 23:33:24.410  INFO 9668 --- [main] o.apache.catalina.core.StandardService   : Starting service [Tomcat]
2018-01-28 23:33:24.412  INFO 9668 --- [main] org.apache.catalina.core.StandardEngine  : Starting Servlet Engine: Apache Tomcat/8.5.23
2018-01-28 23:33:24.543  INFO 9668 --- [localhost-startStop-1] o.a.c.c.C.[Tomcat].[localhost].[/]       : Initializing Spring embedded WebApplicationContext
2018-01-28 23:33:24.543  INFO 9668 --- [localhost-startStop-1] o.s.web.context.ContextLoader            : Root WebApplicationContext: initialization completed in 1658 ms
2018-01-28 23:33:25.135  INFO 9668 --- [localhost-startStop-1] o.s.b.w.servlet.ServletRegistrationBean  : Mapping servlet: 'dispatcherServlet' to [/]
2018-01-28 23:33:25.139  INFO 9668 --- [localhost-startStop-1] o.s.b.w.servlet.FilterRegistrationBean   : Mapping filter: 'characterEncodingFilter' to: [/*]
2018-01-28 23:33:25.140  INFO 9668 --- [localhost-startStop-1] o.s.b.w.servlet.FilterRegistrationBean   : Mapping filter: 'springSessionRepositoryFilter' to: [/*]
2018-01-28 23:33:25.140  INFO 9668 --- [localhost-startStop-1] o.s.b.w.servlet.FilterRegistrationBean   : Mapping filter: 'hiddenHttpMethodFilter' to: [/*]
2018-01-28 23:33:25.140  INFO 9668 --- [localhost-startStop-1] o.s.b.w.servlet.FilterRegistrationBean   : Mapping filter: 'httpPutFormContentFilter' to: [/*]
2018-01-28 23:33:25.140  INFO 9668 --- [localhost-startStop-1] o.s.b.w.servlet.FilterRegistrationBean   : Mapping filter: 'requestContextFilter' to: [/*]
2018-01-28 23:33:25.711  INFO 9668 --- [main] s.w.s.m.m.a.RequestMappingHandlerAdapter : Looking for @ControllerAdvice: org.springframework.boot.context.embedded.AnnotationConfigEmbeddedWebApplicationContext@1bc39f8: startup date [Sun Jan 28 23:33:22 KST 2018]; root of context hierarchy
2018-01-28 23:33:25.767  INFO 9668 --- [main] s.w.s.m.m.a.RequestMappingHandlerMapping : Mapped "{[/user/lobby],methods=[GET || POST]}" onto public java.lang.String com.khwebgame.core.controller.UserCtrl.test(javax.servlet.http.HttpSession,org.springframework.ui.Model)
2018-01-28 23:33:25.768  INFO 9668 --- [main] s.w.s.m.m.a.RequestMappingHandlerMapping : Mapped "{[/user/login_page],methods=[GET || POST]}" onto public java.lang.String com.khwebgame.core.controller.UserCtrl.loginPage()
2018-01-28 23:33:25.768  INFO 9668 --- [main] s.w.s.m.m.a.RequestMappingHandlerMapping : Mapped "{[/user/login],methods=[GET || POST]}" onto public java.lang.String com.khwebgame.core.controller.UserCtrl.login(javax.servlet.http.HttpSession,org.springframework.ui.Model,java.lang.String,java.lang.String)
2018-01-28 23:33:25.769  INFO 9668 --- [main] s.w.s.m.m.a.RequestMappingHandlerMapping : Mapped "{[/menu],methods=[GET]}" onto public java.lang.String com.khwebgame.MainController.menu(org.springframework.ui.Model)
2018-01-28 23:33:25.770  INFO 9668 --- [main] s.w.s.m.m.a.RequestMappingHandlerMapping : Mapped "{[/],methods=[GET]}" onto public java.lang.String com.khwebgame.MainController.home(org.springframework.ui.Model)
2018-01-28 23:33:25.770  INFO 9668 --- [main] s.w.s.m.m.a.RequestMappingHandlerMapping : Mapped "{[/lobbyroom],methods=[GET]}" onto public java.lang.String com.khwebgame.MainController.lobbyroom(org.springframework.ui.Model)
2018-01-28 23:33:25.770  INFO 9668 --- [main] s.w.s.m.m.a.RequestMappingHandlerMapping : Mapped "{[/game],methods=[GET]}" onto public java.lang.String com.khwebgame.MainController.game(org.springframework.ui.Model)
2018-01-28 23:33:25.772  INFO 9668 --- [main] s.w.s.m.m.a.RequestMappingHandlerMapping : Mapped "{[/error]}" onto public org.springframework.http.ResponseEntity<java.util.Map<java.lang.String, java.lang.Object>> org.springframework.boot.autoconfigure.web.BasicErrorController.error(javax.servlet.http.HttpServletRequest)
2018-01-28 23:33:25.773  INFO 9668 --- [main] s.w.s.m.m.a.RequestMappingHandlerMapping : Mapped "{[/error],produces=[text/html]}" onto public org.springframework.web.servlet.ModelAndView org.springframework.boot.autoconfigure.web.BasicErrorController.errorHtml(javax.servlet.http.HttpServletRequest,javax.servlet.http.HttpServletResponse)
2018-01-28 23:33:25.808  INFO 9668 --- [main] o.s.w.s.handler.SimpleUrlHandlerMapping  : Mapped URL path [/webjars/**] onto handler of type [class org.springframework.web.servlet.resource.ResourceHttpRequestHandler]
2018-01-28 23:33:25.808  INFO 9668 --- [main] o.s.w.s.handler.SimpleUrlHandlerMapping  : Mapped URL path [/**] onto handler of type [class org.springframework.web.servlet.resource.ResourceHttpRequestHandler]
2018-01-28 23:33:25.847  INFO 9668 --- [main] o.s.w.s.handler.SimpleUrlHandlerMapping  : Mapped URL path [/**/favicon.ico] onto handler of type [class org.springframework.web.servlet.resource.ResourceHttpRequestHandler]
2018-01-28 23:33:26.330  INFO 9668 --- [main] o.s.j.e.a.AnnotationMBeanExporter        : Registering beans for JMX exposure on startup
2018-01-28 23:33:26.342  INFO 9668 --- [main] s.a.ScheduledAnnotationBeanPostProcessor : No TaskScheduler/ScheduledExecutorService bean found for scheduled processing
2018-01-28 23:33:26.386  INFO 9668 --- [main] s.b.c.e.t.TomcatEmbeddedServletContainer : Tomcat started on port(s): 9208 (http)
2018-01-28 23:33:26.392  INFO 9668 --- [main] com.khwebgame.KhwebgameApplication       : Started KhwebgameApplication in 4.228 seconds (JVM running for 5.056)
2018-01-28 23:33:47.770  INFO 9668 --- [http-nio-9208-exec-1] o.a.c.c.C.[Tomcat].[localhost].[/]       : Initializing Spring FrameworkServlet 'dispatcherServlet'
2018-01-28 23:33:47.771  INFO 9668 --- [http-nio-9208-exec-1] o.s.web.servlet.DispatcherServlet        : FrameworkServlet 'dispatcherServlet': initialization started
2018-01-28 23:33:47.797  INFO 9668 --- [http-nio-9208-exec-1] o.s.web.servlet.DispatcherServlet        : FrameworkServlet 'dispatcherServlet': initialization completed in 26 ms
